0 info it worked if it ends with ok
1 verbose cli [ 'node', '/usr/local/bin/npm', 'publish', './' ]
2 info using npm@2.1.12
3 info using node@v0.10.33
4 verbose publish [ './' ]
5 silly cache add args [ './', null ]
6 verbose cache add spec ./
7 silly cache add parsed spec { raw: './',
7 silly cache add   scope: null,
7 silly cache add   name: null,
7 silly cache add   rawSpec: './',
7 silly cache add   spec: '/Users/bcentra/projects/hubot-giphy-gifme',
7 silly cache add   type: 'directory' }
8 verbose tar pack [ '/Users/bcentra/.npm/hubot-giphy-gifme/0.1.0/package.tgz',
8 verbose tar pack   '/Users/bcentra/projects/hubot-giphy-gifme' ]
9 verbose tarball /Users/bcentra/.npm/hubot-giphy-gifme/0.1.0/package.tgz
10 verbose folder /Users/bcentra/projects/hubot-giphy-gifme
11 info prepublish hubot-giphy-gifme@0.1.0
12 verbose addLocalTarball adding from inside cache /Users/bcentra/.npm/hubot-giphy-gifme/0.1.0/package.tgz
13 silly cache afterAdd hubot-giphy-gifme@0.1.0
14 verbose afterAdd /Users/bcentra/.npm/hubot-giphy-gifme/0.1.0/package/package.json not in flight; writing
15 verbose afterAdd /Users/bcentra/.npm/hubot-giphy-gifme/0.1.0/package/package.json written
16 silly publish { name: 'hubot-giphy-gifme',
16 silly publish   description: 'Get a random GIF from Giphy! Search by tags! SFW guard! Yeah!',
16 silly publish   version: '0.1.0',
16 silly publish   author: { name: 'Ben Centra', email: 'blcentra@gmail.com' },
16 silly publish   license: 'MIT',
16 silly publish   keywords: [ 'hubot', 'hubot-scripts', 'gif', 'giphy' ],
16 silly publish   repository:
16 silly publish    { type: 'git',
16 silly publish      url: 'git://github.com/bencentra/hubot-giphy-gifme.git' },
16 silly publish   bugs: { url: 'https://github.com/bencentra/hubot-giphy-gifme/issues' },
16 silly publish   dependencies: { 'coffee-script': '~1.6' },
16 silly publish   devDependencies: { mocha: '*', chai: '*', 'sinon-chai': '*', sinon: '*' },
16 silly publish   main: 'index.coffee',
16 silly publish   scripts: { test: 'script/test' },
16 silly publish   readme: '# Hubot Example\n\n"gif me" command for Hubot, get random GIFs from Giphy! Available as a package on npm: https://www.npmjs.com/package/hubot-giphy-gifme\n\nUses the [Giphy API](https://github.com/giphy/GiphyAPI).\n\n## Installation\n\nIn your hubot instance, include this script in the following files:\n\nexternal-scripts.json:\n\n```json\n[\n  ...,\n  "hubot-giphy-gifme"\n]\n\n```\n\npackage.json:\n\n```json\n{\n  ...,\n  dependencies: {\n    ...\n    "hubot-giphy-gifme": "0.1.0" # or whatever version\n  }\n}\n```\n\n## Directory Structure\n\nUsing the common directory structure for hubot script packages it will be easy\nto manage and allow others to easily contribute to your package.\n\n### script\n\nThis directory is home to a couple of development scripts; `bootstrap` and `test`\nthey\'re used to bootstrap the development environment and run tests\nrespectively.\n\n### src\n\nThis directory is home to the actual hubot scripts in the package. Your\n`index.coffee` entry point will load the scripts from this directory.\n\n### test\n\nThis directory is home to any tests you write for your scripts. This example\npackage uses Mocha, Chai and Sinon to manage writing tests.\n\n## Advantages of Building a Package\n\nSome of the advantages of building an npm package for your hubot script(s) are:\n\n* You don\'t need to rely on when hubot-scripts package is released.\n* You can specify dependencies in the `package.json` rather than have users\n  manually specify them\n* You can easily add tests using your favourite frameworks and libraries\n',
16 silly publish   readmeFilename: 'README.md',
16 silly publish   gitHead: '974a2b72901207270f1622cb59859bc0cc648905',
16 silly publish   homepage: 'https://github.com/bencentra/hubot-giphy-gifme',
16 silly publish   _id: 'hubot-giphy-gifme@0.1.0',
16 silly publish   _shasum: 'c245af85a663ce77e9cecd429e69adb8baeea8df',
16 silly publish   _from: '.' }
17 silly mapToRegistry name hubot-giphy-gifme
18 silly mapToRegistry using default registry
19 silly mapToRegistry registry https://registry.npmjs.org/
20 silly mapToRegistry uri https://registry.npmjs.org/hubot-giphy-gifme
21 verbose publish registryBase https://registry.npmjs.org/
22 silly publish uploading /Users/bcentra/.npm/hubot-giphy-gifme/0.1.0/package.tgz
23 verbose request uri https://registry.npmjs.org/hubot-giphy-gifme
24 verbose request sending authorization for write operation
25 info attempt registry request try #1 at 19:18:54
26 verbose request id fb535431ba63b89b
27 http request PUT https://registry.npmjs.org/hubot-giphy-gifme
28 http 403 https://registry.npmjs.org/hubot-giphy-gifme
29 verbose headers { date: 'Sun, 21 Dec 2014 00:18:55 GMT',
29 verbose headers   server: 'CouchDB/1.5.0 (Erlang OTP/R16B03)',
29 verbose headers   'content-type': 'application/json',
29 verbose headers   'cache-control': 'max-age=60',
29 verbose headers   'content-length': '4523',
29 verbose headers   'accept-ranges': 'bytes',
29 verbose headers   via: '1.1 varnish',
29 verbose headers   'x-served-by': 'cache-iad2148-IAD',
29 verbose headers   'x-cache': 'MISS',
29 verbose headers   'x-cache-hits': '0',
29 verbose headers   'x-timer': 'S1419121135.300089,VS0,VE400',
29 verbose headers   'keep-alive': 'timeout=10, max=50',
29 verbose headers   connection: 'Keep-Alive' }
30 verbose request invalidating /Users/bcentra/.npm/registry.npmjs.org/hubot-giphy-gifme on PUT
31 error publish Failed PUT 403
32 verbose stack Error: forbidden cannot modify pre-existing version: 0.1.0
32 verbose stack old={"name":"hubot-giphy-gifme","description":"Get a random GIF from Giphy! Search by tags! SFW guard! Yeah!","version":"0.1.0","author":{"name":"Ben Centra","email":"blcentra@gmail.com"},"license":"MIT","keywords":["hubot","hubot-scripts","gif","giphy"],"repository":{"type":"git","url":"git://github.com/bencentra/hubot-giphy-gifme.git"},"bugs":{"url":"https://github.com/bencentra/hubot-giphy-gifme/issues"},"dependencies":{"coffee-script":"~1.6"},"devDependencies":{"mocha":"*","chai":"*","sinon-chai":"*","sinon":"*"},"main":"index.coffee","scripts":{"test":"script/test"},"gitHead":"5ac9b66594d5986502e17f6a32ac8a9498e19178","homepage":"https://github.com/bencentra/hubot-giphy-gifme","_id":"hubot-giphy-gifme@0.1.0","_shasum":"a9b4e72a3c2d3ecc830560039f5d2a77411ccaeb","_from":".","_npmVersion":"2.1.12","_nodeVersion":"0.10.33","_npmUser":{"name":"bencentra","email":"blcentra@gmail.com"},"maintainers":[{"name":"bencentra","email":"blcentra@gmail.com"}],"dist":{"shasum":"a9b4e72a3c2d3ecc830560039f5d2a77411ccaeb","tarball":"http://registry.npmjs.org/hubot-giphy-gifme/-/hubot-giphy-gifme-0.1.0.tgz"}}
32 verbose stack new={"name":"hubot-giphy-gifme","description":"Get a random GIF from Giphy! Search by tags! SFW guard! Yeah!","version":"0.1.0","author":{"name":"Ben Centra","email":"blcentra@gmail.com"},"license":"MIT","keywords":["hubot","hubot-scripts","gif","giphy"],"repository":{"type":"git","url":"git://github.com/bencentra/hubot-giphy-gifme.git"},"bugs":{"url":"https://github.com/bencentra/hubot-giphy-gifme/issues"},"dependencies":{"coffee-script":"~1.6"},"devDependencies":{"mocha":"*","chai":"*","sinon-chai":"*","sinon":"*"},"main":"index.coffee","scripts":{"test":"script/test"},"readme":"# Hubot Example\u000a\u000a\"gif me\" command for Hubot, get random GIFs from Giphy! Available as a package on npm: https://www.npmjs.com/package/hubot-giphy-gifme\u000a\u000aUses the [Giphy API](https://github.com/giphy/GiphyAPI).\u000a\u000a## Installation\u000a\u000aIn your hubot instance, include this script in the following files:\u000a\u000aexternal-scripts.json:\u000a\u000a```json\u000a[\u000a  ...,\u000a  \"hubot-giphy-gifme\"\u000a]\u000a\u000a```\u000a\u000apackage.json:\u000a\u000a```json\u000a{\u000a  ...,\u000a  dependencies: {\u000a    ...\u000a    \"hubot-giphy-gifme\": \"0.1.0\" # or whatever version\u000a  }\u000a}\u000a```\u000a\u000a## Directory Structure\u000a\u000aUsing the common directory structure for hubot script packages it will be easy\u000ato manage and allow others to easily contribute to your package.\u000a\u000a### script\u000a\u000aThis directory is home to a couple of development scripts; `bootstrap` and `test`\u000athey're used to bootstrap the development environment and run tests\u000arespectively.\u000a\u000a### src\u000a\u000aThis directory is home to the actual hubot scripts in the package. Your\u000a`index.coffee` entry point will load the scripts from this directory.\u000a\u000a### test\u000a\u000aThis directory is home to any tests you write for your scripts. This example\u000apackage uses Mocha, Chai and Sinon to manage writing tests.\u000a\u000a## Advantages of Building a Package\u000a\u000aSome of the advantages of building an npm package for your hubot script(s) are:\u000a\u000a* You don't need to rely on when hubot-scripts package is released.\u000a* You can specify dependencies in the `package.json` rather than have users\u000a  manually specify them\u000a* You can easily add tests using your favourite frameworks and libraries\u000a","readmeFilename":"README.md","gitHead":"974a2b72901207270f1622cb59859bc0cc648905","homepage":"https://github.com/bencentra/hubot-giphy-gifme","_id":"hubot-giphy-gifme@0.1.0","_shasum":"c245af85a663ce77e9cecd429e69adb8baeea8df","_from":".","_npmVersion":"2.1.12","_nodeVersion":"0.10.33","_npmUser":{"name":"bencentra","email":"blcentra@gmail.com"},"maintainers":[{"name":"bencentra","email":"blcentra@gmail.com"}],"dist":{"shasum":"c245af85a663ce77e9cecd429e69adb8baeea8df","tarball":"http://registry.npmjs.org/hubot-giphy-gifme/-/hubot-giphy-gifme-0.1.0.tgz"}}: hubot-giphy-gifme
32 verbose stack     at CachingRegistryClient.<anonymous> (/usr/local/lib/node_modules/npm/node_modules/npm-registry-client/lib/request.js:242:14)
32 verbose stack     at Request._callback (/usr/local/lib/node_modules/npm/node_modules/npm-registry-client/lib/request.js:172:14)
32 verbose stack     at Request.self.callback (/usr/local/lib/node_modules/npm/node_modules/request/request.js:373:22)
32 verbose stack     at Request.emit (events.js:98:17)
32 verbose stack     at Request.<anonymous> (/usr/local/lib/node_modules/npm/node_modules/request/request.js:1318:14)
32 verbose stack     at Request.emit (events.js:117:20)
32 verbose stack     at IncomingMessage.<anonymous> (/usr/local/lib/node_modules/npm/node_modules/request/request.js:1266:12)
32 verbose stack     at IncomingMessage.emit (events.js:117:20)
32 verbose stack     at _stream_readable.js:943:16
32 verbose stack     at process._tickCallback (node.js:419:13)
33 verbose statusCode 403
34 verbose pkgid hubot-giphy-gifme
35 verbose cwd /Users/bcentra/projects/hubot-giphy-gifme
36 error Darwin 13.4.0
37 error argv "node" "/usr/local/bin/npm" "publish" "./"
38 error node v0.10.33
39 error npm  v2.1.12
40 error code E403
41 error forbidden cannot modify pre-existing version: 0.1.0
41 error old={"name":"hubot-giphy-gifme","description":"Get a random GIF from Giphy! Search by tags! SFW guard! Yeah!","version":"0.1.0","author":{"name":"Ben Centra","email":"blcentra@gmail.com"},"license":"MIT","keywords":["hubot","hubot-scripts","gif","giphy"],"repository":{"type":"git","url":"git://github.com/bencentra/hubot-giphy-gifme.git"},"bugs":{"url":"https://github.com/bencentra/hubot-giphy-gifme/issues"},"dependencies":{"coffee-script":"~1.6"},"devDependencies":{"mocha":"*","chai":"*","sinon-chai":"*","sinon":"*"},"main":"index.coffee","scripts":{"test":"script/test"},"gitHead":"5ac9b66594d5986502e17f6a32ac8a9498e19178","homepage":"https://github.com/bencentra/hubot-giphy-gifme","_id":"hubot-giphy-gifme@0.1.0","_shasum":"a9b4e72a3c2d3ecc830560039f5d2a77411ccaeb","_from":".","_npmVersion":"2.1.12","_nodeVersion":"0.10.33","_npmUser":{"name":"bencentra","email":"blcentra@gmail.com"},"maintainers":[{"name":"bencentra","email":"blcentra@gmail.com"}],"dist":{"shasum":"a9b4e72a3c2d3ecc830560039f5d2a77411ccaeb","tarball":"http://registry.npmjs.org/hubot-giphy-gifme/-/hubot-giphy-gifme-0.1.0.tgz"}}
41 error new={"name":"hubot-giphy-gifme","description":"Get a random GIF from Giphy! Search by tags! SFW guard! Yeah!","version":"0.1.0","author":{"name":"Ben Centra","email":"blcentra@gmail.com"},"license":"MIT","keywords":["hubot","hubot-scripts","gif","giphy"],"repository":{"type":"git","url":"git://github.com/bencentra/hubot-giphy-gifme.git"},"bugs":{"url":"https://github.com/bencentra/hubot-giphy-gifme/issues"},"dependencies":{"coffee-script":"~1.6"},"devDependencies":{"mocha":"*","chai":"*","sinon-chai":"*","sinon":"*"},"main":"index.coffee","scripts":{"test":"script/test"},"readme":"# Hubot Example\u000a\u000a\"gif me\" command for Hubot, get random GIFs from Giphy! Available as a package on npm: https://www.npmjs.com/package/hubot-giphy-gifme\u000a\u000aUses the [Giphy API](https://github.com/giphy/GiphyAPI).\u000a\u000a## Installation\u000a\u000aIn your hubot instance, include this script in the following files:\u000a\u000aexternal-scripts.json:\u000a\u000a```json\u000a[\u000a  ...,\u000a  \"hubot-giphy-gifme\"\u000a]\u000a\u000a```\u000a\u000apackage.json:\u000a\u000a```json\u000a{\u000a  ...,\u000a  dependencies: {\u000a    ...\u000a    \"hubot-giphy-gifme\": \"0.1.0\" # or whatever version\u000a  }\u000a}\u000a```\u000a\u000a## Directory Structure\u000a\u000aUsing the common directory structure for hubot script packages it will be easy\u000ato manage and allow others to easily contribute to your package.\u000a\u000a### script\u000a\u000aThis directory is home to a couple of development scripts; `bootstrap` and `test`\u000athey're used to bootstrap the development environment and run tests\u000arespectively.\u000a\u000a### src\u000a\u000aThis directory is home to the actual hubot scripts in the package. Your\u000a`index.coffee` entry point will load the scripts from this directory.\u000a\u000a### test\u000a\u000aThis directory is home to any tests you write for your scripts. This example\u000apackage uses Mocha, Chai and Sinon to manage writing tests.\u000a\u000a## Advantages of Building a Package\u000a\u000aSome of the advantages of building an npm package for your hubot script(s) are:\u000a\u000a* You don't need to rely on when hubot-scripts package is released.\u000a* You can specify dependencies in the `package.json` rather than have users\u000a  manually specify them\u000a* You can easily add tests using your favourite frameworks and libraries\u000a","readmeFilename":"README.md","gitHead":"974a2b72901207270f1622cb59859bc0cc648905","homepage":"https://github.com/bencentra/hubot-giphy-gifme","_id":"hubot-giphy-gifme@0.1.0","_shasum":"c245af85a663ce77e9cecd429e69adb8baeea8df","_from":".","_npmVersion":"2.1.12","_nodeVersion":"0.10.33","_npmUser":{"name":"bencentra","email":"blcentra@gmail.com"},"maintainers":[{"name":"bencentra","email":"blcentra@gmail.com"}],"dist":{"shasum":"c245af85a663ce77e9cecd429e69adb8baeea8df","tarball":"http://registry.npmjs.org/hubot-giphy-gifme/-/hubot-giphy-gifme-0.1.0.tgz"}}: hubot-giphy-gifme
42 error If you need help, you may report this error at:
42 error     <http://github.com/npm/npm/issues>
43 verbose exit [ 1, true ]
